[2018-07-05T17:17:20.758] [DEBUG] cheese - login => username:admin,password:123456
[2018-07-05T17:17:20.764] [DEBUG] cheese - admin
[2018-07-05T17:17:20.970] [DEBUG] cheese - null
[2018-07-05T17:17:20.973] [DEBUG] cheese - null
[2018-07-05T17:23:39.913] [DEBUG] cheese - login => username:admin,password:12345
[2018-07-05T17:23:39.913] [DEBUG] cheese - admin
[2018-07-05T17:23:39.917] [DEBUG] cheese - null
[2018-07-05T17:23:39.918] [DEBUG] cheese - null
[2018-07-05T17:23:43.630] [DEBUG] cheese - login => username:admin,password:123456
[2018-07-05T17:23:43.631] [DEBUG] cheese - admin
[2018-07-05T17:23:43.633] [DEBUG] cheese - null
[2018-07-05T17:23:43.633] [DEBUG] cheese - null
[2018-07-05T17:40:32.212] [DEBUG] cheese - login => username:admin,password:123456
[2018-07-05T17:40:32.212] [DEBUG] cheese - admin
[2018-07-05T17:40:32.215] [DEBUG] cheese - null
[2018-07-05T17:40:32.215] [DEBUG] cheese - null
[2018-07-05T18:09:15.521] [DEBUG] cheese - login => username:admin,password:123
[2018-07-05T18:09:15.521] [DEBUG] cheese - admin
[2018-07-05T18:09:15.525] [DEBUG] cheese - null
[2018-07-05T18:09:15.526] [DEBUG] cheese - null
[2018-07-05T18:29:01.537] [DEBUG] cheese - login => username:admin,password:123456
[2018-07-05T18:29:01.537] [DEBUG] cheese - admin
[2018-07-05T18:29:01.541] [DEBUG] cheese - null
[2018-07-05T18:29:01.542] [DEBUG] cheese - null
[2018-07-07T12:14:44.935] [DEBUG] cheese - login => username:admin,password:12345
[2018-07-07T12:14:44.942] [DEBUG] cheese - admin
[2018-07-07T12:14:45.169] [DEBUG] cheese - null
[2018-07-07T12:14:45.173] [DEBUG] cheese - null
[2018-07-07T12:14:49.615] [DEBUG] cheese - login => username:admin,password:123456
[2018-07-07T12:14:49.615] [DEBUG] cheese - admin
[2018-07-07T12:14:49.619] [DEBUG] cheese - null
[2018-07-07T12:14:49.619] [DEBUG] cheese - null
[2018-07-07T13:32:43.652] [DEBUG] cheese - login => username:admin,password:123456
[2018-07-07T13:32:43.654] [DEBUG] cheese - admin
[2018-07-07T13:32:43.664] [DEBUG] cheese - null
[2018-07-07T13:32:43.664] [DEBUG] cheese - null
[2018-07-07T13:32:53.577] [DEBUG] cheese - login => username:admin,password:123456
[2018-07-07T13:32:53.577] [DEBUG] cheese - admin
[2018-07-07T13:32:53.580] [DEBUG] cheese - null
[2018-07-07T13:32:53.580] [DEBUG] cheese - null
[2018-07-08T13:43:15.129] [DEBUG] cheese - login => username:admin,password:123456
[2018-07-08T13:43:15.132] [DEBUG] cheese - admin
[2018-07-08T13:43:15.141] [DEBUG] cheese - null
[2018-07-08T13:43:15.143] [DEBUG] cheese - null
[2018-07-08T20:50:03.455] [DEBUG] cheese - null
[2018-07-08T20:50:11.863] [DEBUG] cheese - null
[2018-07-08T20:50:19.053] [DEBUG] cheese - null
[2018-07-08T20:50:29.614] [DEBUG] cheese - null
[2018-07-08T20:51:11.781] [DEBUG] cheese - null
[2018-07-08T20:51:19.198] [DEBUG] cheese - null
[2018-07-08T20:51:26.060] [DEBUG] cheese - null
[2018-07-08T20:53:03.034] [DEBUG] cheese - null
[2018-07-08T22:30:29.470] [DEBUG] cheese - login => username:test2,password:123456
[2018-07-08T22:30:29.471] [DEBUG] cheese - test2
[2018-07-08T22:30:29.475] [DEBUG] cheese - null
[2018-07-08T22:30:29.475] [DEBUG] cheese - null
[2018-07-08T22:30:34.469] [DEBUG] cheese - login => username:admin,password:123456
[2018-07-08T22:30:34.469] [DEBUG] cheese - admin
[2018-07-08T22:30:34.473] [DEBUG] cheese - null
[2018-07-08T22:30:34.473] [DEBUG] cheese - null
[2018-07-08T22:31:39.102] [DEBUG] cheese - login => username:test2,password:123456
[2018-07-08T22:31:39.102] [DEBUG] cheese - test2
[2018-07-08T22:31:39.105] [DEBUG] cheese - null
[2018-07-08T22:31:39.105] [DEBUG] cheese - null
[2018-07-08T22:31:50.375] [DEBUG] cheese - null
[2018-07-08T22:31:50.379] [DEBUG] cheese - null
[2018-07-08T22:31:55.255] [DEBUG] cheese - null
[2018-07-08T22:31:55.260] [DEBUG] cheese - null
[2018-07-08T22:32:09.933] [DEBUG] cheese - login => username:admin,password:123456
[2018-07-08T22:32:09.933] [DEBUG] cheese - admin
[2018-07-08T22:32:09.936] [DEBUG] cheese - null
[2018-07-08T22:32:09.936] [DEBUG] cheese - null
[2018-07-08T22:32:39.843] [DEBUG] cheese - login => username:test2,password:123456
[2018-07-08T22:32:39.843] [DEBUG] cheese - test2
[2018-07-08T22:32:39.846] [DEBUG] cheese - null
[2018-07-08T22:32:39.846] [DEBUG] cheese - null
[2018-07-08T22:32:46.311] [DEBUG] cheese - null
[2018-07-08T22:32:46.315] [DEBUG] cheese - null
[2018-07-08T22:32:49.690] [DEBUG] cheese - null
[2018-07-08T22:32:49.696] [DEBUG] cheese - null
[2018-07-08T22:32:53.334] [DEBUG] cheese - null
[2018-07-08T22:32:53.339] [DEBUG] cheese - null
[2018-07-08T22:32:55.785] [DEBUG] cheese - null
[2018-07-08T22:32:55.788] [DEBUG] cheese - null
[2018-07-08T22:33:02.241] [DEBUG] cheese - null
[2018-07-08T22:33:02.246] [DEBUG] cheese - null
[2018-07-08T22:33:02.385] [DEBUG] cheese - null
[2018-07-08T22:33:02.390] [DEBUG] cheese - null
[2018-07-08T22:33:05.619] [DEBUG] cheese - null
[2018-07-08T22:33:05.625] [DEBUG] cheese - null
[2018-07-09T10:10:48.613] [DEBUG] cheese - null
[2018-07-09T10:10:48.622] [DEBUG] cheese - null
[2018-07-09T10:11:34.342] [DEBUG] cheese - login => username:admin,password:123456
[2018-07-09T10:11:34.343] [DEBUG] cheese - admin
[2018-07-09T10:11:34.348] [DEBUG] cheese - null
[2018-07-09T10:11:34.348] [DEBUG] cheese - null
[2018-07-09T22:52:20.658] [DEBUG] cheese - null
[2018-07-09T22:59:16.056] [DEBUG] cheese - null
[2018-07-09T22:59:45.915] [DEBUG] cheese - null
[2018-07-09T23:00:56.217] [DEBUG] cheese - null
[2018-07-09T23:01:53.422] [DEBUG] cheese - null
[2018-07-09T23:01:59.958] [DEBUG] cheese - null
[2018-07-10T09:02:04.249] [DEBUG] cheese - null
[2018-07-10T09:35:20.354] [DEBUG] cheese - null
[2018-07-10T10:23:21.877] [DEBUG] cheese - login => username:admin,password:123456
[2018-07-10T10:23:21.880] [DEBUG] cheese - admin
[2018-07-10T10:23:21.904] [DEBUG] cheese - null
[2018-07-10T10:23:21.904] [DEBUG] cheese - null
[2018-07-10T10:31:49.150] [DEBUG] cheese - login => username:admin,password:123456
[2018-07-10T10:31:49.150] [DEBUG] cheese - admin
[2018-07-10T10:31:49.156] [DEBUG] cheese - null
[2018-07-10T10:31:49.157] [DEBUG] cheese - null
[2018-07-10T10:42:14.140] [DEBUG] cheese - login => username:liuxi,password:123456
[2018-07-10T10:42:14.140] [DEBUG] cheese - liuxi
[2018-07-10T10:42:14.145] [DEBUG] cheese - null
[2018-07-10T10:42:14.145] [DEBUG] cheese - null
[2018-07-10T10:42:19.081] [DEBUG] cheese - null
[2018-07-10T10:42:19.085] [DEBUG] cheese - null
[2018-07-10T10:42:23.658] [DEBUG] cheese - null
[2018-07-10T10:42:23.661] [DEBUG] cheese - null
[2018-07-10T10:42:24.747] [DEBUG] cheese - null
[2018-07-10T10:42:24.756] [DEBUG] cheese - null
[2018-07-10T10:42:25.584] [DEBUG] cheese - null
[2018-07-10T10:42:25.586] [DEBUG] cheese - null
[2018-07-10T10:42:38.043] [DEBUG] cheese - null
[2018-07-10T10:42:38.050] [DEBUG] cheese - null
[2018-07-10T10:42:38.117] [DEBUG] cheese - null
[2018-07-10T10:42:38.119] [DEBUG] cheese - null
[2018-07-10T10:42:44.153] [DEBUG] cheese - null
[2018-07-10T10:42:44.157] [DEBUG] cheese - null
[2018-07-10T10:42:47.749] [DEBUG] cheese - null
[2018-07-10T10:42:47.753] [DEBUG] cheese - null
[2018-07-10T10:42:50.786] [DEBUG] cheese - null
[2018-07-10T10:42:50.788] [DEBUG] cheese - null
[2018-07-10T10:42:54.317] [DEBUG] cheese - null
[2018-07-10T10:42:54.326] [DEBUG] cheese - null
[2018-07-10T10:42:55.345] [DEBUG] cheese - null
[2018-07-10T10:42:55.349] [DEBUG] cheese - null
[2018-07-10T10:43:04.642] [DEBUG] cheese - null
[2018-07-10T10:43:04.645] [DEBUG] cheese - null
[2018-07-10T10:44:50.423] [DEBUG] cheese - null
[2018-07-10T10:44:50.431] [DEBUG] cheese - null
[2018-07-10T10:44:55.044] [DEBUG] cheese - null
[2018-07-10T10:44:55.048] [DEBUG] cheese - null
[2018-07-10T10:45:41.217] [DEBUG] cheese - null
[2018-07-10T10:45:41.222] [DEBUG] cheese - null
[2018-07-10T10:45:42.921] [DEBUG] cheese - null
[2018-07-10T10:45:42.926] [DEBUG] cheese - null
[2018-07-10T10:45:45.960] [DEBUG] cheese - null
[2018-07-10T10:45:45.983] [DEBUG] cheese - null
[2018-07-10T10:47:12.180] [DEBUG] cheese - null
[2018-07-10T10:47:12.188] [DEBUG] cheese - null
[2018-07-10T10:47:38.720] [DEBUG] cheese - login => username:liuxi,password:123456
[2018-07-10T10:47:38.720] [DEBUG] cheese - liuxi
[2018-07-10T10:47:38.723] [DEBUG] cheese - null
[2018-07-10T10:47:38.724] [DEBUG] cheese - null
[2018-07-10T10:49:07.613] [DEBUG] cheese - null
[2018-07-10T10:49:07.618] [DEBUG] cheese - null
[2018-07-10T15:56:38.417] [DEBUG] cheese - login => username:admin,password:123456
[2018-07-10T15:56:38.422] [DEBUG] cheese - admin
[2018-07-10T15:56:38.703] [DEBUG] cheese - null
[2018-07-10T15:56:38.703] [DEBUG] cheese - null
[2018-07-11T09:12:37.789] [DEBUG] cheese - login => username:admin,password:123456
[2018-07-11T09:12:37.791] [DEBUG] cheese - admin
[2018-07-11T09:12:37.968] [DEBUG] cheese - null
[2018-07-11T09:12:37.971] [DEBUG] cheese - null
[2018-07-11T09:13:24.122] [DEBUG] cheese - login => username:test2,password:123456
[2018-07-11T09:13:24.122] [DEBUG] cheese - test2
[2018-07-11T09:13:24.126] [DEBUG] cheese - null
[2018-07-11T09:13:24.126] [DEBUG] cheese - null
[2018-07-11T09:13:37.545] [DEBUG] cheese - login => username:admin,password:123456
[2018-07-11T09:13:37.545] [DEBUG] cheese - admin
[2018-07-11T09:13:37.549] [DEBUG] cheese - null
[2018-07-11T09:13:37.549] [DEBUG] cheese - null
[2018-07-13T11:05:18.933] [DEBUG] cheese - login => username:admin,password:123456
[2018-07-13T11:05:18.935] [DEBUG] cheese - admin
[2018-07-13T11:05:18.957] [DEBUG] cheese - null
[2018-07-13T11:05:18.958] [DEBUG] cheese - null
[2020-02-14T14:06:54.681] [DEBUG] cheese - login => username:admin,password:123456
[2020-02-14T14:06:54.684] [DEBUG] cheese - admin
[2020-02-14T14:06:54.697] [DEBUG] cheese - null
[2020-02-14T14:06:54.698] [DEBUG] cheese - null
